[2026-03-19 14:26:25] INFO  - Logger initialized - writing to rancer.log
[2026-03-19 14:26:25] INFO  - Starting Rancer v0.0.2 application with winit window and WGPU rendering...
[2026-03-19 14:26:25] INFO  - Starting winit event loop...
[2026-03-19 14:26:25] INFO  - Creating winit window application...
[2026-03-19 14:26:25] INFO  - === WINDOW CREATION ===
[2026-03-19 14:26:25] INFO  - winit window created successfully
[2026-03-19 14:26:25] INFO  - Window size: 1280x720
[2026-03-19 14:26:25] INFO  - Window title: Rancer
[2026-03-19 14:26:25] INFO  - ========================
[2026-03-19 14:26:25] INFO  - === RENDERER INITIALIZATION ===
[2026-03-19 14:26:25] INFO  - === RENDERER INITIALIZATION START ===
[2026-03-19 14:26:25] INFO  - Attempting WGPU initialization...
[2026-03-19 14:26:25] INFO  - Selected adapter: AdapterInfo { name: "Intel(R) Iris(R) Xe Graphics", vendor: 32902, device: 39497, device_type: IntegratedGpu, device_pci_bus_id: "", driver: "Intel Corporation", driver_info: "101.7084", backend: Vulkan, subgroup_min_size: 8, subgroup_max_size: 32, transient_saves_memory: false }
[2026-03-19 14:26:25] INFO  - ✅ WGPU initialized successfully!
[2026-03-19 14:26:25] INFO  -    - Backend: GPU (WGPU)
[2026-03-19 14:26:25] INFO  -    - Device: Device { inner: Core(CoreDevice { context: ContextWgpuCore { type: "Native" }, id: Id(0,1), error_sink: Mutex { data: ErrorSink }, features: Features { features_wgpu: FeaturesWGPU(0x0), features_webgpu: FeaturesWebGPU(0x0) } }) }
[2026-03-19 14:26:25] INFO  -    - Surface format: Bgra8UnormSrgb
[2026-03-19 14:26:25] INFO  -    - MSAA samples: 1
[2026-03-19 14:26:25] INFO  - ✅ WGPU renderer initialized successfully!
[2026-03-19 14:26:25] INFO  - === RENDERER STATUS ===
[2026-03-19 14:26:25] INFO  - Backend: GPU (WGPU)
[2026-03-19 14:26:25] INFO  - Device: true
[2026-03-19 14:26:25] INFO  - Surface: true
[2026-03-19 14:26:25] INFO  - Pipeline: true
[2026-03-19 14:26:25] INFO  - Window size: (2240, 1260)
[2026-03-19 14:26:25] INFO  - MSAA samples: 1
[2026-03-19 14:26:25] INFO  - ======================
[2026-03-19 14:26:25] INFO  - ===============================
[2026-03-19 14:26:25] INFO  - Window resized to 2136x1315
[2026-03-19 14:26:26] INFO  - Window resized to 2240x1260
[2026-03-19 14:26:26] INFO  - Window resized to 2240x1260
[2026-03-19 14:26:26] DEBUG - [RENDER] Using WGPU backend (GPU-accelerated)
[2026-03-19 14:26:26] DEBUG - [RENDER] Using WGPU backend (GPU-accelerated)
[2026-03-19 14:26:26] DEBUG - [RENDER] Using WGPU backend (GPU-accelerated)
[2026-03-19 14:26:26] DEBUG - [RENDER] Using WGPU backend (GPU-accelerated)
[2026-03-19 14:26:26] DEBUG - [RENDER] Using WGPU backend (GPU-accelerated)
[2026-03-19 14:26:27] DEBUG - [RENDER] Using WGPU backend (GPU-accelerated)
[2026-03-19 14:26:27] DEBUG - [RENDER] Using WGPU backend (GPU-accelerated)
[2026-03-19 14:26:27] DEBUG - [RENDER] Using WGPU backend (GPU-accelerated)
[2026-03-19 14:26:27] DEBUG - [RENDER] Using WGPU backend (GPU-accelerated)
[2026-03-19 14:26:27] DEBUG - [RENDER] Using WGPU backend (GPU-accelerated)
[2026-03-19 14:26:27] DEBUG - [RENDER] Using WGPU backend (GPU-accelerated)
[2026-03-19 14:26:27] DEBUG - [RENDER] Using WGPU backend (GPU-accelerated)
[2026-03-19 14:26:27] DEBUG - [RENDER] Using WGPU backend (GPU-accelerated)
[2026-03-19 14:26:27] DEBUG - [RENDER] Using WGPU backend (GPU-accelerated)
[2026-03-19 14:26:27] DEBUG - [RENDER] Using WGPU backend (GPU-accelerated)
[2026-03-19 14:26:27] DEBUG - [RENDER] Using WGPU backend (GPU-accelerated)
[2026-03-19 14:26:28] DEBUG - [RENDER] Using WGPU backend (GPU-accelerated)
[2026-03-19 14:26:28] DEBUG - [RENDER] Using WGPU backend (GPU-accelerated)
[2026-03-19 14:26:28] DEBUG - [RENDER] Using WGPU backend (GPU-accelerated)
[2026-03-19 14:26:29] DEBUG - [RENDER] Using WGPU backend (GPU-accelerated)
[2026-03-19 14:26:29] DEBUG - [RENDER] Using WGPU backend (GPU-accelerated)
[2026-03-19 14:26:29] DEBUG - [RENDER] Using WGPU backend (GPU-accelerated)
[2026-03-19 14:26:30] DEBUG - [RENDER] Using WGPU backend (GPU-accelerated)
[2026-03-19 14:26:30] DEBUG - [RENDER] Using WGPU backend (GPU-accelerated)
[2026-03-19 14:26:30] DEBUG - [RENDER] Using WGPU backend (GPU-accelerated)
[2026-03-19 14:26:30] DEBUG - [RENDER] Using WGPU backend (GPU-accelerated)
[2026-03-19 14:26:30] DEBUG - [RENDER] Using WGPU backend (GPU-accelerated)
[2026-03-19 14:26:30] DEBUG - [RENDER] Using WGPU backend (GPU-accelerated)
[2026-03-19 14:26:30] DEBUG - [RENDER] Using WGPU backend (GPU-accelerated)
[2026-03-19 14:26:30] DEBUG - [RENDER] Using WGPU backend (GPU-accelerated)
[2026-03-19 14:26:30] DEBUG - [RENDER] Using WGPU backend (GPU-accelerated)
[2026-03-19 14:26:30] DEBUG - [RENDER] Using WGPU backend (GPU-accelerated)
[2026-03-19 14:26:30] DEBUG - [RENDER] Using WGPU backend (GPU-accelerated)
[2026-03-19 14:26:30] DEBUG - [RENDER] Using WGPU backend (GPU-accelerated)
[2026-03-19 14:26:30] DEBUG - [RENDER] Using WGPU backend (GPU-accelerated)
[2026-03-19 14:26:30] DEBUG - [RENDER] Using WGPU backend (GPU-accelerated)
[2026-03-19 14:26:30] DEBUG - [RENDER] Using WGPU backend (GPU-accelerated)
[2026-03-19 14:26:30] DEBUG - [RENDER] Using WGPU backend (GPU-accelerated)
[2026-03-19 14:26:30] DEBUG - [RENDER] Using WGPU backend (GPU-accelerated)
[2026-03-19 14:26:30] DEBUG - [RENDER] Using WGPU backend (GPU-accelerated)
[2026-03-19 14:26:30] DEBUG - [RENDER] Using WGPU backend (GPU-accelerated)
[2026-03-19 14:26:30] DEBUG - [RENDER] Using WGPU backend (GPU-accelerated)
[2026-03-19 14:26:30] DEBUG - [RENDER] Using WGPU backend (GPU-accelerated)
[2026-03-19 14:26:30] DEBUG - [RENDER] Using WGPU backend (GPU-accelerated)
[2026-03-19 14:26:30] DEBUG - [RENDER] Using WGPU backend (GPU-accelerated)
[2026-03-19 14:26:30] DEBUG - [RENDER] Using WGPU backend (GPU-accelerated)
[2026-03-19 14:26:30] DEBUG - [RENDER] Using WGPU backend (GPU-accelerated)
[2026-03-19 14:26:30] DEBUG - [RENDER] Using WGPU backend (GPU-accelerated)
[2026-03-19 14:26:30] DEBUG - [RENDER] Using WGPU backend (GPU-accelerated)
[2026-03-19 14:26:30] DEBUG - [RENDER] Using WGPU backend (GPU-accelerated)
[2026-03-19 14:26:30] DEBUG - [RENDER] Using WGPU backend (GPU-accelerated)
[2026-03-19 14:26:30] DEBUG - [RENDER] Using WGPU backend (GPU-accelerated)
[2026-03-19 14:26:31] DEBUG - [RENDER] Using WGPU backend (GPU-accelerated)
[2026-03-19 14:26:31] DEBUG - [RENDER] Using WGPU backend (GPU-accelerated)
[2026-03-19 14:26:31] DEBUG - [RENDER] Using WGPU backend (GPU-accelerated)
[2026-03-19 14:26:31] DEBUG - [RENDER] Using WGPU backend (GPU-accelerated)
[2026-03-19 14:26:31] DEBUG - [RENDER] Using WGPU backend (GPU-accelerated)
[2026-03-19 14:26:31] DEBUG - [RENDER] Using WGPU backend (GPU-accelerated)
[2026-03-19 14:26:31] DEBUG - [RENDER] Using WGPU backend (GPU-accelerated)
[2026-03-19 14:26:31] DEBUG - [RENDER] Using WGPU backend (GPU-accelerated)
[2026-03-19 14:26:31] DEBUG - [RENDER] Using WGPU backend (GPU-accelerated)
[2026-03-19 14:26:31] DEBUG - [RENDER] Using WGPU backend (GPU-accelerated)
[2026-03-19 14:26:31] DEBUG - [RENDER] Using WGPU backend (GPU-accelerated)
[2026-03-19 14:26:31] DEBUG - [RENDER] Using WGPU backend (GPU-accelerated)
[2026-03-19 14:26:31] DEBUG - [RENDER] Using WGPU backend (GPU-accelerated)
[2026-03-19 14:26:31] DEBUG - [RENDER] Using WGPU backend (GPU-accelerated)
[2026-03-19 14:26:31] DEBUG - [RENDER] Using WGPU backend (GPU-accelerated)
[2026-03-19 14:26:31] DEBUG - [RENDER] Using WGPU backend (GPU-accelerated)
[2026-03-19 14:26:31] DEBUG - [RENDER] Using WGPU backend (GPU-accelerated)
[2026-03-19 14:26:31] DEBUG - [RENDER] Using WGPU backend (GPU-accelerated)
[2026-03-19 14:26:31] DEBUG - [RENDER] Using WGPU backend (GPU-accelerated)
[2026-03-19 14:26:31] DEBUG - [RENDER] Using WGPU backend (GPU-accelerated)
[2026-03-19 14:26:31] DEBUG - [RENDER] Using WGPU backend (GPU-accelerated)
[2026-03-19 14:26:31] DEBUG - [RENDER] Using WGPU backend (GPU-accelerated)
[2026-03-19 14:26:31] DEBUG - [RENDER] Using WGPU backend (GPU-accelerated)
[2026-03-19 14:26:31] DEBUG - [RENDER] Using WGPU backend (GPU-accelerated)
[2026-03-19 14:26:31] DEBUG - [RENDER] Using WGPU backend (GPU-accelerated)
[2026-03-19 14:26:31] DEBUG - [RENDER] Using WGPU backend (GPU-accelerated)
[2026-03-19 14:26:31] DEBUG - [RENDER] Using WGPU backend (GPU-accelerated)
[2026-03-19 14:26:31] DEBUG - [RENDER] Using WGPU backend (GPU-accelerated)
[2026-03-19 14:26:31] DEBUG - [RENDER] Using WGPU backend (GPU-accelerated)
[2026-03-19 14:26:31] DEBUG - [RENDER] Using WGPU backend (GPU-accelerated)
[2026-03-19 14:26:31] DEBUG - [RENDER] Using WGPU backend (GPU-accelerated)
[2026-03-19 14:26:31] DEBUG - [RENDER] Using WGPU backend (GPU-accelerated)
[2026-03-19 14:26:31] DEBUG - [RENDER] Using WGPU backend (GPU-accelerated)
[2026-03-19 14:26:31] DEBUG - [RENDER] Using WGPU backend (GPU-accelerated)
[2026-03-19 14:26:32] DEBUG - [RENDER] Using WGPU backend (GPU-accelerated)
[2026-03-19 14:26:32] DEBUG - [RENDER] Using WGPU backend (GPU-accelerated)
[2026-03-19 14:26:33] DEBUG - [RENDER] Using WGPU backend (GPU-accelerated)
[2026-03-19 14:26:33] DEBUG - [RENDER] Using WGPU backend (GPU-accelerated)
[2026-03-19 14:26:33] DEBUG - [RENDER] Using WGPU backend (GPU-accelerated)
[2026-03-19 14:26:34] DEBUG - [RENDER] Using WGPU backend (GPU-accelerated)
[2026-03-19 14:26:35] DEBUG - [RENDER] Using WGPU backend (GPU-accelerated)
[2026-03-19 14:26:35] DEBUG - [RENDER] Using WGPU backend (GPU-accelerated)
[2026-03-19 14:26:35] DEBUG - [RENDER] Using WGPU backend (GPU-accelerated)
[2026-03-19 14:26:35] DEBUG - [RENDER] Using WGPU backend (GPU-accelerated)
[2026-03-19 14:26:35] DEBUG - [RENDER] Using WGPU backend (GPU-accelerated)
[2026-03-19 14:26:35] DEBUG - [RENDER] Using WGPU backend (GPU-accelerated)
[2026-03-19 14:26:35] DEBUG - [RENDER] Using WGPU backend (GPU-accelerated)
[2026-03-19 14:26:35] DEBUG - [RENDER] Using WGPU backend (GPU-accelerated)
[2026-03-19 14:26:35] DEBUG - [RENDER] Using WGPU backend (GPU-accelerated)
[2026-03-19 14:26:35] DEBUG - [RENDER] Using WGPU backend (GPU-accelerated)
[2026-03-19 14:26:35] DEBUG - [RENDER] Using WGPU backend (GPU-accelerated)
[2026-03-19 14:26:35] DEBUG - [RENDER] Using WGPU backend (GPU-accelerated)
[2026-03-19 14:26:35] DEBUG - [RENDER] Using WGPU backend (GPU-accelerated)
[2026-03-19 14:26:35] DEBUG - [RENDER] Using WGPU backend (GPU-accelerated)
[2026-03-19 14:26:35] DEBUG - [RENDER] Using WGPU backend (GPU-accelerated)
[2026-03-19 14:26:35] DEBUG - [RENDER] Using WGPU backend (GPU-accelerated)
[2026-03-19 14:26:35] DEBUG - [RENDER] Using WGPU backend (GPU-accelerated)
[2026-03-19 14:26:35] DEBUG - [RENDER] Using WGPU backend (GPU-accelerated)
[2026-03-19 14:26:35] DEBUG - [RENDER] Using WGPU backend (GPU-accelerated)
[2026-03-19 14:26:35] DEBUG - [RENDER] Using WGPU backend (GPU-accelerated)
[2026-03-19 14:26:35] DEBUG - [RENDER] Using WGPU backend (GPU-accelerated)
[2026-03-19 14:26:35] DEBUG - [RENDER] Using WGPU backend (GPU-accelerated)
[2026-03-19 14:26:35] DEBUG - [RENDER] Using WGPU backend (GPU-accelerated)
[2026-03-19 14:26:35] DEBUG - [RENDER] Using WGPU backend (GPU-accelerated)
[2026-03-19 14:26:35] DEBUG - [RENDER] Using WGPU backend (GPU-accelerated)
[2026-03-19 14:26:35] DEBUG - [RENDER] Using WGPU backend (GPU-accelerated)
[2026-03-19 14:26:35] DEBUG - [RENDER] Using WGPU backend (GPU-accelerated)
[2026-03-19 14:26:36] DEBUG - [RENDER] Using WGPU backend (GPU-accelerated)
[2026-03-19 14:26:36] DEBUG - [RENDER] Using WGPU backend (GPU-accelerated)
[2026-03-19 14:26:36] DEBUG - [RENDER] Using WGPU backend (GPU-accelerated)
[2026-03-19 14:26:37] DEBUG - [RENDER] Using WGPU backend (GPU-accelerated)
[2026-03-19 14:26:37] DEBUG - [RENDER] Using WGPU backend (GPU-accelerated)
[2026-03-19 14:26:37] DEBUG - [RENDER] Using WGPU backend (GPU-accelerated)
[2026-03-19 14:26:37] DEBUG - [RENDER] Using WGPU backend (GPU-accelerated)
[2026-03-19 14:26:37] DEBUG - [RENDER] Using WGPU backend (GPU-accelerated)
[2026-03-19 14:26:37] DEBUG - [RENDER] Using WGPU backend (GPU-accelerated)
[2026-03-19 14:26:37] DEBUG - [RENDER] Using WGPU backend (GPU-accelerated)
[2026-03-19 14:26:37] DEBUG - [RENDER] Using WGPU backend (GPU-accelerated)
[2026-03-19 14:26:37] DEBUG - [RENDER] Using WGPU backend (GPU-accelerated)
[2026-03-19 14:26:37] DEBUG - [RENDER] Using WGPU backend (GPU-accelerated)
[2026-03-19 14:26:37] DEBUG - [RENDER] Using WGPU backend (GPU-accelerated)
[2026-03-19 14:26:37] DEBUG - [RENDER] Using WGPU backend (GPU-accelerated)
[2026-03-19 14:26:37] DEBUG - [RENDER] Using WGPU backend (GPU-accelerated)
[2026-03-19 14:26:37] DEBUG - [RENDER] Using WGPU backend (GPU-accelerated)
[2026-03-19 14:26:37] DEBUG - [RENDER] Using WGPU backend (GPU-accelerated)
[2026-03-19 14:26:37] DEBUG - [RENDER] Using WGPU backend (GPU-accelerated)
[2026-03-19 14:26:37] DEBUG - [RENDER] Using WGPU backend (GPU-accelerated)
[2026-03-19 14:26:37] DEBUG - [RENDER] Using WGPU backend (GPU-accelerated)
[2026-03-19 14:26:38] DEBUG - [RENDER] Using WGPU backend (GPU-accelerated)
[2026-03-19 14:26:39] DEBUG - [RENDER] Using WGPU backend (GPU-accelerated)
[2026-03-19 14:26:39] DEBUG - [RENDER] Using WGPU backend (GPU-accelerated)
[2026-03-19 14:26:40] DEBUG - [RENDER] Using WGPU backend (GPU-accelerated)
[2026-03-19 14:26:40] DEBUG - [RENDER] Using WGPU backend (GPU-accelerated)
[2026-03-19 14:26:40] DEBUG - [RENDER] Using WGPU backend (GPU-accelerated)
[2026-03-19 14:26:40] DEBUG - [RENDER] Using WGPU backend (GPU-accelerated)
[2026-03-19 14:26:40] DEBUG - [RENDER] Using WGPU backend (GPU-accelerated)
[2026-03-19 14:26:40] DEBUG - [RENDER] Using WGPU backend (GPU-accelerated)
[2026-03-19 14:26:40] DEBUG - [RENDER] Using WGPU backend (GPU-accelerated)
[2026-03-19 14:26:40] DEBUG - [RENDER] Using WGPU backend (GPU-accelerated)
[2026-03-19 14:26:40] DEBUG - [RENDER] Using WGPU backend (GPU-accelerated)
[2026-03-19 14:26:40] DEBUG - [RENDER] Using WGPU backend (GPU-accelerated)
[2026-03-19 14:26:40] DEBUG - [RENDER] Using WGPU backend (GPU-accelerated)
[2026-03-19 14:26:40] DEBUG - [RENDER] Using WGPU backend (GPU-accelerated)
[2026-03-19 14:26:40] DEBUG - [RENDER] Using WGPU backend (GPU-accelerated)
[2026-03-19 14:26:40] DEBUG - [RENDER] Using WGPU backend (GPU-accelerated)
[2026-03-19 14:26:40] DEBUG - [RENDER] Using WGPU backend (GPU-accelerated)
[2026-03-19 14:26:40] DEBUG - [RENDER] Using WGPU backend (GPU-accelerated)
[2026-03-19 14:26:40] DEBUG - [RENDER] Using WGPU backend (GPU-accelerated)
[2026-03-19 14:26:40] DEBUG - [RENDER] Using WGPU backend (GPU-accelerated)
[2026-03-19 14:26:40] DEBUG - [RENDER] Using WGPU backend (GPU-accelerated)
[2026-03-19 14:26:40] DEBUG - [RENDER] Using WGPU backend (GPU-accelerated)
[2026-03-19 14:26:40] DEBUG - [RENDER] Using WGPU backend (GPU-accelerated)
[2026-03-19 14:26:40] DEBUG - [RENDER] Using WGPU backend (GPU-accelerated)
[2026-03-19 14:26:40] DEBUG - [RENDER] Using WGPU backend (GPU-accelerated)
[2026-03-19 14:26:40] DEBUG - [RENDER] Using WGPU backend (GPU-accelerated)
[2026-03-19 14:26:40] DEBUG - [RENDER] Using WGPU backend (GPU-accelerated)
[2026-03-19 14:26:40] DEBUG - [RENDER] Using WGPU backend (GPU-accelerated)
[2026-03-19 14:26:40] DEBUG - [RENDER] Using WGPU backend (GPU-accelerated)
[2026-03-19 14:26:41] DEBUG - [RENDER] Using WGPU backend (GPU-accelerated)
[2026-03-19 14:26:41] DEBUG - [RENDER] Using WGPU backend (GPU-accelerated)
[2026-03-19 14:26:41] DEBUG - [RENDER] Using WGPU backend (GPU-accelerated)
[2026-03-19 14:26:41] DEBUG - [RENDER] Using WGPU backend (GPU-accelerated)
[2026-03-19 14:26:41] DEBUG - [RENDER] Using WGPU backend (GPU-accelerated)
[2026-03-19 14:26:41] DEBUG - [RENDER] Using WGPU backend (GPU-accelerated)
[2026-03-19 14:26:41] DEBUG - [RENDER] Using WGPU backend (GPU-accelerated)
[2026-03-19 14:26:41] DEBUG - [RENDER] Using WGPU backend (GPU-accelerated)
[2026-03-19 14:26:41] DEBUG - [RENDER] Using WGPU backend (GPU-accelerated)
[2026-03-19 14:26:41] DEBUG - [RENDER] Using WGPU backend (GPU-accelerated)
[2026-03-19 14:26:41] DEBUG - [RENDER] Using WGPU backend (GPU-accelerated)
[2026-03-19 14:26:41] DEBUG - [RENDER] Using WGPU backend (GPU-accelerated)
[2026-03-19 14:26:41] DEBUG - [RENDER] Using WGPU backend (GPU-accelerated)
[2026-03-19 14:26:41] DEBUG - [RENDER] Using WGPU backend (GPU-accelerated)
[2026-03-19 14:26:41] DEBUG - [RENDER] Using WGPU backend (GPU-accelerated)
[2026-03-19 14:26:41] DEBUG - [RENDER] Using WGPU backend (GPU-accelerated)
[2026-03-19 14:26:42] DEBUG - [RENDER] Using WGPU backend (GPU-accelerated)
[2026-03-19 14:26:42] DEBUG - [RENDER] Using WGPU backend (GPU-accelerated)
[2026-03-19 14:26:42] DEBUG - [RENDER] Using WGPU backend (GPU-accelerated)
[2026-03-19 14:26:42] DEBUG - [RENDER] Using WGPU backend (GPU-accelerated)
[2026-03-19 14:26:42] DEBUG - [RENDER] Using WGPU backend (GPU-accelerated)
[2026-03-19 14:26:42] DEBUG - [RENDER] Using WGPU backend (GPU-accelerated)
[2026-03-19 14:26:42] DEBUG - [RENDER] Using WGPU backend (GPU-accelerated)
[2026-03-19 14:26:42] DEBUG - [RENDER] Using WGPU backend (GPU-accelerated)
[2026-03-19 14:26:42] DEBUG - [RENDER] Using WGPU backend (GPU-accelerated)
[2026-03-19 14:26:42] DEBUG - [RENDER] Using WGPU backend (GPU-accelerated)
[2026-03-19 14:26:42] DEBUG - [RENDER] Using WGPU backend (GPU-accelerated)
[2026-03-19 14:26:42] DEBUG - [RENDER] Using WGPU backend (GPU-accelerated)
[2026-03-19 14:26:42] DEBUG - [RENDER] Using WGPU backend (GPU-accelerated)
[2026-03-19 14:26:42] DEBUG - [RENDER] Using WGPU backend (GPU-accelerated)
[2026-03-19 14:26:42] DEBUG - [RENDER] Using WGPU backend (GPU-accelerated)
[2026-03-19 14:26:42] DEBUG - [RENDER] Using WGPU backend (GPU-accelerated)
[2026-03-19 14:26:42] DEBUG - [RENDER] Using WGPU backend (GPU-accelerated)
[2026-03-19 14:26:42] DEBUG - [RENDER] Using WGPU backend (GPU-accelerated)
[2026-03-19 14:26:42] DEBUG - [RENDER] Using WGPU backend (GPU-accelerated)
[2026-03-19 14:26:42] DEBUG - [RENDER] Using WGPU backend (GPU-accelerated)
[2026-03-19 14:26:42] DEBUG - [RENDER] Using WGPU backend (GPU-accelerated)
[2026-03-19 14:26:42] DEBUG - [RENDER] Using WGPU backend (GPU-accelerated)
[2026-03-19 14:26:42] DEBUG - [RENDER] Using WGPU backend (GPU-accelerated)
[2026-03-19 14:26:42] DEBUG - [RENDER] Using WGPU backend (GPU-accelerated)
[2026-03-19 14:26:42] DEBUG - [RENDER] Using WGPU backend (GPU-accelerated)
[2026-03-19 14:26:42] DEBUG - [RENDER] Using WGPU backend (GPU-accelerated)
[2026-03-19 14:26:42] DEBUG - [RENDER] Using WGPU backend (GPU-accelerated)
[2026-03-19 14:26:42] DEBUG - [RENDER] Using WGPU backend (GPU-accelerated)
[2026-03-19 14:26:43] DEBUG - [RENDER] Using WGPU backend (GPU-accelerated)
[2026-03-19 14:26:43] DEBUG - [RENDER] Using WGPU backend (GPU-accelerated)
[2026-03-19 14:26:43] DEBUG - [RENDER] Using WGPU backend (GPU-accelerated)
[2026-03-19 14:26:43] DEBUG - [RENDER] Using WGPU backend (GPU-accelerated)
[2026-03-19 14:26:43] DEBUG - [RENDER] Using WGPU backend (GPU-accelerated)
[2026-03-19 14:26:43] DEBUG - [RENDER] Using WGPU backend (GPU-accelerated)
[2026-03-19 14:26:43] DEBUG - [RENDER] Using WGPU backend (GPU-accelerated)
[2026-03-19 14:26:43] DEBUG - [RENDER] Using WGPU backend (GPU-accelerated)
[2026-03-19 14:26:43] DEBUG - [RENDER] Using WGPU backend (GPU-accelerated)
[2026-03-19 14:26:43] DEBUG - [RENDER] Using WGPU backend (GPU-accelerated)
[2026-03-19 14:26:43] DEBUG - [RENDER] Using WGPU backend (GPU-accelerated)
[2026-03-19 14:26:43] DEBUG - [RENDER] Using WGPU backend (GPU-accelerated)
[2026-03-19 14:26:43] DEBUG - [RENDER] Using WGPU backend (GPU-accelerated)
[2026-03-19 14:26:43] DEBUG - [RENDER] Using WGPU backend (GPU-accelerated)
[2026-03-19 14:26:43] DEBUG - [RENDER] Using WGPU backend (GPU-accelerated)
[2026-03-19 14:26:43] DEBUG - [RENDER] Using WGPU backend (GPU-accelerated)
[2026-03-19 14:26:43] DEBUG - [RENDER] Using WGPU backend (GPU-accelerated)
[2026-03-19 14:26:44] DEBUG - [RENDER] Using WGPU backend (GPU-accelerated)
[2026-03-19 14:26:46] DEBUG - [RENDER] Using WGPU backend (GPU-accelerated)
[2026-03-19 14:26:46] DEBUG - [RENDER] Using WGPU backend (GPU-accelerated)
[2026-03-19 14:26:46] DEBUG - [RENDER] Using WGPU backend (GPU-accelerated)
[2026-03-19 14:26:46] DEBUG - [RENDER] Using WGPU backend (GPU-accelerated)
[2026-03-19 14:26:46] DEBUG - [RENDER] Using WGPU backend (GPU-accelerated)
[2026-03-19 14:26:46] DEBUG - [RENDER] Using WGPU backend (GPU-accelerated)
[2026-03-19 14:26:46] DEBUG - [RENDER] Using WGPU backend (GPU-accelerated)
[2026-03-19 14:26:46] DEBUG - [RENDER] Using WGPU backend (GPU-accelerated)
[2026-03-19 14:26:46] DEBUG - [RENDER] Using WGPU backend (GPU-accelerated)
[2026-03-19 14:26:46] DEBUG - [RENDER] Using WGPU backend (GPU-accelerated)
[2026-03-19 14:26:46] DEBUG - [RENDER] Using WGPU backend (GPU-accelerated)
[2026-03-19 14:26:46] DEBUG - [RENDER] Using WGPU backend (GPU-accelerated)
[2026-03-19 14:26:46] DEBUG - [RENDER] Using WGPU backend (GPU-accelerated)
[2026-03-19 14:26:46] DEBUG - [RENDER] Using WGPU backend (GPU-accelerated)
[2026-03-19 14:26:48] DEBUG - [RENDER] Using WGPU backend (GPU-accelerated)
[2026-03-19 14:26:48] DEBUG - [RENDER] Using WGPU backend (GPU-accelerated)
[2026-03-19 14:26:49] DEBUG - [RENDER] Using WGPU backend (GPU-accelerated)
[2026-03-19 14:26:49] DEBUG - [RENDER] Using WGPU backend (GPU-accelerated)
[2026-03-19 14:26:49] DEBUG - [RENDER] Using WGPU backend (GPU-accelerated)
[2026-03-19 14:26:49] DEBUG - [RENDER] Using WGPU backend (GPU-accelerated)
[2026-03-19 14:26:49] DEBUG - [RENDER] Using WGPU backend (GPU-accelerated)
[2026-03-19 14:26:49] DEBUG - [RENDER] Using WGPU backend (GPU-accelerated)
[2026-03-19 14:26:49] DEBUG - [RENDER] Using WGPU backend (GPU-accelerated)
[2026-03-19 14:26:49] DEBUG - [RENDER] Using WGPU backend (GPU-accelerated)
[2026-03-19 14:26:49] DEBUG - [RENDER] Using WGPU backend (GPU-accelerated)
[2026-03-19 14:26:49] DEBUG - [RENDER] Using WGPU backend (GPU-accelerated)
[2026-03-19 14:26:49] DEBUG - [RENDER] Using WGPU backend (GPU-accelerated)
[2026-03-19 14:26:49] DEBUG - [RENDER] Using WGPU backend (GPU-accelerated)
[2026-03-19 14:26:49] DEBUG - [RENDER] Using WGPU backend (GPU-accelerated)
[2026-03-19 14:26:49] DEBUG - [RENDER] Using WGPU backend (GPU-accelerated)
[2026-03-19 14:26:49] DEBUG - [RENDER] Using WGPU backend (GPU-accelerated)
[2026-03-19 14:26:49] DEBUG - [RENDER] Using WGPU backend (GPU-accelerated)
[2026-03-19 14:26:49] DEBUG - [RENDER] Using WGPU backend (GPU-accelerated)
[2026-03-19 14:26:50] INFO  - Window close requested
[2026-03-19 14:26:50] INFO  - Rancer application closed successfully
